<?xml version="1.0" encoding="UTF-8"?>
<robot generator="Robot 3.2.1 (Python 3.8.2 on win32)" generated="20201207 18:02:52.236" rpa="false">
<suite id="s1" name="Saleor" source="C:\Users\vnn7194\Saleor\tests\Saleor.robot">
<test id="s1-t1" name="Typing Wrong Text In The Phone Field Does Not Break The Service">
<kw name="Open Browser And Go To Front Page" library="keywords" type="setup">
<kw name="Open Browser" library="Selenium2Library">
<doc>Opens a new browser instance to the optional ``url``.</doc>
<arguments>
<arg>${URL}</arg>
<arg>${BROWSER}</arg>
</arguments>
<msg timestamp="20201207 18:02:52.521" level="INFO">Opening browser 'firefox' to base url 'https://demo.saleor.io'.</msg>
<msg timestamp="20201207 18:02:52.537" level="INFO">Firefox driver log is always forced to to: C:\Users\vnn7194\Saleor\results\geckodriver-60.log</msg>
<status status="PASS" starttime="20201207 18:02:52.521" endtime="20201207 18:02:59.270"></status>
</kw>
<status status="PASS" starttime="20201207 18:02:52.521" endtime="20201207 18:02:59.270"></status>
</kw>
<kw name="User Enters The Saleor Webpage" library="keywords">
<kw name="Wait Until Page Contains Element" library="Selenium2Library">
<doc>Waits until the element ``locator`` appears on the current page.</doc>
<arguments>
<arg>id=header</arg>
</arguments>
<status status="PASS" starttime="20201207 18:02:59.270" endtime="20201207 18:02:59.285"></status>
</kw>
<status status="PASS" starttime="20201207 18:02:59.270" endtime="20201207 18:02:59.285"></status>
</kw>
<kw name="User Searches A Product And Adds It To The Cart" library="keywords">
<kw name="Click Element" library="Selenium2Library">
<doc>Click the element identified by ``locator``.</doc>
<arguments>
<arg>//li[@class='main-menu__search']</arg>
</arguments>
<msg timestamp="20201207 18:02:59.285" level="INFO">Clicking element '//li[@class='main-menu__search']'.</msg>
<status status="PASS" starttime="20201207 18:02:59.285" endtime="20201207 18:02:59.555"></status>
</kw>
<kw name="Input Text" library="Selenium2Library">
<doc>Types the given ``text`` into the text field identified by ``locator``.</doc>
<arguments>
<arg>//input[@placeholder='search']</arg>
<arg>T-Shirt</arg>
</arguments>
<msg timestamp="20201207 18:02:59.555" level="INFO">Typing text 'T-Shirt' into text field '//input[@placeholder='search']'.</msg>
<status status="PASS" starttime="20201207 18:02:59.555" endtime="20201207 18:02:59.740"></status>
</kw>
<kw name="Wait Until Page Contains Element" library="Selenium2Library">
<doc>Waits until the element ``locator`` appears on the current page.</doc>
<arguments>
<arg>//a[@href='/product/t-shirt/113/']</arg>
</arguments>
<status status="PASS" starttime="20201207 18:02:59.740" endtime="20201207 18:03:00.911"></status>
</kw>
<kw name="Click Link" library="Selenium2Library">
<doc>Clicks a link identified by ``locator``.</doc>
<arguments>
<arg>//a[@href='/product/t-shirt/113/']</arg>
</arguments>
<msg timestamp="20201207 18:03:00.911" level="INFO">Clicking link '//a[@href='/product/t-shirt/113/']'.</msg>
<status status="PASS" starttime="20201207 18:03:00.911" endtime="20201207 18:03:01.228"></status>
</kw>
<kw name="Wait Until Page Contains Element" library="Selenium2Library">
<doc>Waits until the element ``locator`` appears on the current page.</doc>
<arguments>
<arg>size</arg>
</arguments>
<status status="PASS" starttime="20201207 18:03:01.228" endtime="20201207 18:03:02.093"></status>
</kw>
<kw name="Click Element" library="Selenium2Library">
<doc>Click the element identified by ``locator``.</doc>
<arguments>
<arg>size</arg>
</arguments>
<msg timestamp="20201207 18:03:02.099" level="INFO">Clicking element 'size'.</msg>
<status status="PASS" starttime="20201207 18:03:02.099" endtime="20201207 18:03:02.346"></status>
</kw>
<kw name="Click Element" library="Selenium2Library">
<doc>Click the element identified by ``locator``.</doc>
<arguments>
<arg>//div[text()='S']</arg>
</arguments>
<msg timestamp="20201207 18:03:02.346" level="INFO">Clicking element '//div[text()='S']'.</msg>
<status status="PASS" starttime="20201207 18:03:02.346" endtime="20201207 18:03:02.632"></status>
</kw>
<kw name="Click Element" library="Selenium2Library">
<doc>Click the element identified by ``locator``.</doc>
<arguments>
<arg>//span[text()='Add to basket']</arg>
</arguments>
<msg timestamp="20201207 18:03:02.632" level="INFO">Clicking element '//span[text()='Add to basket']'.</msg>
<status status="PASS" starttime="20201207 18:03:02.632" endtime="20201207 18:03:02.879"></status>
</kw>
<status status="PASS" starttime="20201207 18:02:59.285" endtime="20201207 18:03:02.879"></status>
</kw>
<kw name="User Goes To The Basket And Starts The Checkout Process As A Guest" library="keywords">
<kw name="Wait Until Page Contains Element" library="Selenium2Library">
<doc>Waits until the element ``locator`` appears on the current page.</doc>
<arguments>
<arg>//span[text()='Go to my bag']</arg>
</arguments>
<status status="PASS" starttime="20201207 18:03:02.879" endtime="20201207 18:03:03.280"></status>
</kw>
<kw name="Click Element" library="Selenium2Library">
<doc>Click the element identified by ``locator``.</doc>
<arguments>
<arg>//span[text()='Go to my bag']</arg>
</arguments>
<msg timestamp="20201207 18:03:03.280" level="INFO">Clicking element '//span[text()='Go to my bag']'.</msg>
<status status="PASS" starttime="20201207 18:03:03.280" endtime="20201207 18:03:03.550"></status>
</kw>
<kw name="Wait Until Page Contains Element" library="Selenium2Library">
<doc>Waits until the element ``locator`` appears on the current page.</doc>
<arguments>
<arg>//span[text()='PROCEED TO CHECKOUT']</arg>
</arguments>
<status status="PASS" starttime="20201207 18:03:03.550" endtime="20201207 18:03:03.550"></status>
</kw>
<kw name="Click Element" library="Selenium2Library">
<doc>Click the element identified by ``locator``.</doc>
<arguments>
<arg>//span[text()='PROCEED TO CHECKOUT']</arg>
</arguments>
<msg timestamp="20201207 18:03:03.550" level="INFO">Clicking element '//span[text()='PROCEED TO CHECKOUT']'.</msg>
<status status="PASS" starttime="20201207 18:03:03.550" endtime="20201207 18:03:03.819"></status>
</kw>
<kw name="Wait Until Page Contains Element" library="Selenium2Library">
<doc>Waits until the element ``locator`` appears on the current page.</doc>
<arguments>
<arg>//a[@href='/checkout/']</arg>
</arguments>
<status status="PASS" starttime="20201207 18:03:03.819" endtime="20201207 18:03:03.819"></status>
</kw>
<kw name="Click Element" library="Selenium2Library">
<doc>Click the element identified by ``locator``.</doc>
<arguments>
<arg>//a[@href='/checkout/']</arg>
</arguments>
<msg timestamp="20201207 18:03:03.819" level="INFO">Clicking element '//a[@href='/checkout/']'.</msg>
<status status="PASS" starttime="20201207 18:03:03.819" endtime="20201207 18:03:04.152"></status>
</kw>
<status status="PASS" starttime="20201207 18:03:02.879" endtime="20201207 18:03:04.152"></status>
</kw>
<kw name="User Enters A Wrong Phone Number And After That Anything Does Not Break" library="keywords">
<kw name="Input Text" library="Selenium2Library">
<doc>Types the given ``text`` into the text field identified by ``locator``.</doc>
<arguments>
<arg>firstName</arg>
<arg>Teemu</arg>
</arguments>
<msg timestamp="20201207 18:03:04.152" level="INFO">Typing text 'Teemu' into text field 'firstName'.</msg>
<status status="PASS" starttime="20201207 18:03:04.152" endtime="20201207 18:03:04.221"></status>
</kw>
<kw name="Input Text" library="Selenium2Library">
<doc>Types the given ``text`` into the text field identified by ``locator``.</doc>
<arguments>
<arg>lastName</arg>
<arg>Teekkari</arg>
</arguments>
<msg timestamp="20201207 18:03:04.221" level="INFO">Typing text 'Teekkari' into text field 'lastName'.</msg>
<status status="PASS" starttime="20201207 18:03:04.221" endtime="20201207 18:03:04.321"></status>
</kw>
<kw name="Input Text" library="Selenium2Library">
<doc>Types the given ``text`` into the text field identified by ``locator``.</doc>
<arguments>
<arg>phone</arg>
<arg>Teekkari</arg>
</arguments>
<msg timestamp="20201207 18:03:04.321" level="INFO">Typing text 'Teekkari' into text field 'phone'.</msg>
<status status="PASS" starttime="20201207 18:03:04.321" endtime="20201207 18:03:04.468"></status>
</kw>
<kw name="Input Text" library="Selenium2Library">
<doc>Types the given ``text`` into the text field identified by ``locator``.</doc>
<arguments>
<arg>streetAddress1</arg>
<arg>Jämeräntaival 1A 111</arg>
</arguments>
<msg timestamp="20201207 18:03:04.468" level="INFO">Typing text 'Jämeräntaival 1A 111' into text field 'streetAddress1'.</msg>
<status status="PASS" starttime="20201207 18:03:04.468" endtime="20201207 18:03:04.669"></status>
</kw>
<kw name="Input Text" library="Selenium2Library">
<doc>Types the given ``text`` into the text field identified by ``locator``.</doc>
<arguments>
<arg>city</arg>
<arg>Espoo</arg>
</arguments>
<msg timestamp="20201207 18:03:04.669" level="INFO">Typing text 'Espoo' into text field 'city'.</msg>
<status status="PASS" starttime="20201207 18:03:04.669" endtime="20201207 18:03:04.772"></status>
</kw>
<kw name="Input Text" library="Selenium2Library">
<doc>Types the given ``text`` into the text field identified by ``locator``.</doc>
<arguments>
<arg>postalCode</arg>
<arg>02150</arg>
</arguments>
<msg timestamp="20201207 18:03:04.772" level="INFO">Typing text '02150' into text field 'postalCode'.</msg>
<status status="PASS" starttime="20201207 18:03:04.772" endtime="20201207 18:03:04.869"></status>
</kw>
<kw name="Click Element" library="Selenium2Library">
<doc>Click the element identified by ``locator``.</doc>
<arguments>
<arg>//div[@class='css-133ddnz-control select-country__control']</arg>
</arguments>
<msg timestamp="20201207 18:03:04.869" level="INFO">Clicking element '//div[@class='css-133ddnz-control select-country__control']'.</msg>
<status status="PASS" starttime="20201207 18:03:04.869" endtime="20201207 18:03:05.602"></status>
</kw>
<kw name="Click Element" library="Selenium2Library">
<doc>Click the element identified by ``locator``.</doc>
<arguments>
<arg>//div[text()='Finland']</arg>
</arguments>
<msg timestamp="20201207 18:03:05.602" level="INFO">Clicking element '//div[text()='Finland']'.</msg>
<status status="PASS" starttime="20201207 18:03:05.602" endtime="20201207 18:03:05.840"></status>
</kw>
<kw name="Input Text" library="Selenium2Library">
<doc>Types the given ``text`` into the text field identified by ``locator``.</doc>
<arguments>
<arg>countryArea</arg>
<arg>Uusimaa</arg>
</arguments>
<msg timestamp="20201207 18:03:05.840" level="INFO">Typing text 'Uusimaa' into text field 'countryArea'.</msg>
<status status="PASS" starttime="20201207 18:03:05.840" endtime="20201207 18:03:05.925"></status>
</kw>
<kw name="Input Text" library="Selenium2Library">
<doc>Types the given ``text`` into the text field identified by ``locator``.</doc>
<arguments>
<arg>email</arg>
<arg>teemu.teekkari@test.fi</arg>
</arguments>
<msg timestamp="20201207 18:03:05.925" level="INFO">Typing text 'teemu.teekkari@test.fi' into text field 'email'.</msg>
<status status="PASS" starttime="20201207 18:03:05.925" endtime="20201207 18:03:06.141"></status>
</kw>
<kw name="Click Element" library="Selenium2Library">
<doc>Click the element identified by ``locator``.</doc>
<arguments>
<arg>//div[text()='Same as shipping address']</arg>
</arguments>
<msg timestamp="20201207 18:03:06.141" level="INFO">Clicking element '//div[text()='Same as shipping address']'.</msg>
<status status="PASS" starttime="20201207 18:03:06.141" endtime="20201207 18:03:06.389"></status>
</kw>
<kw name="Click Element" library="Selenium2Library">
<doc>Click the element identified by ``locator``.</doc>
<arguments>
<arg>//span[text()='CONTINUE TO SHIPPING']</arg>
</arguments>
<msg timestamp="20201207 18:03:06.389" level="INFO">Clicking element '//span[text()='CONTINUE TO SHIPPING']'.</msg>
<status status="PASS" starttime="20201207 18:03:06.389" endtime="20201207 18:03:06.674"></status>
</kw>
<kw name="Wait Until Page Contains Element" library="Selenium2Library">
<doc>Waits until the element ``locator`` appears on the current page.</doc>
<arguments>
<arg>//p[text()="'Teekkari' is not a valid phone number."]</arg>
</arguments>
<status status="PASS" starttime="20201207 18:03:06.674" endtime="20201207 18:03:06.874"></status>
</kw>
<status status="PASS" starttime="20201207 18:03:04.152" endtime="20201207 18:03:06.874"></status>
</kw>
<kw name="Close Browser" library="Selenium2Library" type="teardown">
<doc>Closes the current browser.</doc>
<status status="PASS" starttime="20201207 18:03:06.874" endtime="20201207 18:03:08.034"></status>
</kw>
<status status="PASS" starttime="20201207 18:02:52.521" endtime="20201207 18:03:08.034" critical="yes"></status>
</test>
<test id="s1-t2" name="The Payment Process Of Saleor Works Correctly And Secure">
<kw name="Open Browser And Go To Front Page" library="keywords" type="setup">
<kw name="Open Browser" library="Selenium2Library">
<doc>Opens a new browser instance to the optional ``url``.</doc>
<arguments>
<arg>${URL}</arg>
<arg>${BROWSER}</arg>
</arguments>
<msg timestamp="20201207 18:03:08.049" level="INFO">Opening browser 'firefox' to base url 'https://demo.saleor.io'.</msg>
<msg timestamp="20201207 18:03:08.049" level="INFO">Firefox driver log is always forced to to: C:\Users\vnn7194\Saleor\results\geckodriver-61.log</msg>
<status status="PASS" starttime="20201207 18:03:08.049" endtime="20201207 18:03:14.302"></status>
</kw>
<status status="PASS" starttime="20201207 18:03:08.049" endtime="20201207 18:03:14.302"></status>
</kw>
<kw name="User Enters The Saleor Webpage" library="keywords">
<kw name="Wait Until Page Contains Element" library="Selenium2Library">
<doc>Waits until the element ``locator`` appears on the current page.</doc>
<arguments>
<arg>id=header</arg>
</arguments>
<status status="PASS" starttime="20201207 18:03:14.302" endtime="20201207 18:03:14.318"></status>
</kw>
<status status="PASS" starttime="20201207 18:03:14.302" endtime="20201207 18:03:14.318"></status>
</kw>
<kw name="User Searches A Product And Adds It To The Cart" library="keywords">
<kw name="Click Element" library="Selenium2Library">
<doc>Click the element identified by ``locator``.</doc>
<arguments>
<arg>//li[@class='main-menu__search']</arg>
</arguments>
<msg timestamp="20201207 18:03:14.318" level="INFO">Clicking element '//li[@class='main-menu__search']'.</msg>
<status status="PASS" starttime="20201207 18:03:14.318" endtime="20201207 18:03:14.565"></status>
</kw>
<kw name="Input Text" library="Selenium2Library">
<doc>Types the given ``text`` into the text field identified by ``locator``.</doc>
<arguments>
<arg>//input[@placeholder='search']</arg>
<arg>T-Shirt</arg>
</arguments>
<msg timestamp="20201207 18:03:14.565" level="INFO">Typing text 'T-Shirt' into text field '//input[@placeholder='search']'.</msg>
<status status="PASS" starttime="20201207 18:03:14.565" endtime="20201207 18:03:14.603"></status>
</kw>
<kw name="Wait Until Page Contains Element" library="Selenium2Library">
<doc>Waits until the element ``locator`` appears on the current page.</doc>
<arguments>
<arg>//a[@href='/product/t-shirt/113/']</arg>
</arguments>
<status status="PASS" starttime="20201207 18:03:14.603" endtime="20201207 18:03:15.691"></status>
</kw>
<kw name="Click Link" library="Selenium2Library">
<doc>Clicks a link identified by ``locator``.</doc>
<arguments>
<arg>//a[@href='/product/t-shirt/113/']</arg>
</arguments>
<msg timestamp="20201207 18:03:15.691" level="INFO">Clicking link '//a[@href='/product/t-shirt/113/']'.</msg>
<status status="PASS" starttime="20201207 18:03:15.691" endtime="20201207 18:03:15.991"></status>
</kw>
<kw name="Wait Until Page Contains Element" library="Selenium2Library">
<doc>Waits until the element ``locator`` appears on the current page.</doc>
<arguments>
<arg>size</arg>
</arguments>
<status status="PASS" starttime="20201207 18:03:15.991" endtime="20201207 18:03:16.455"></status>
</kw>
<kw name="Click Element" library="Selenium2Library">
<doc>Click the element identified by ``locator``.</doc>
<arguments>
<arg>size</arg>
</arguments>
<msg timestamp="20201207 18:03:16.455" level="INFO">Clicking element 'size'.</msg>
<status status="PASS" starttime="20201207 18:03:16.455" endtime="20201207 18:03:16.742"></status>
</kw>
<kw name="Click Element" library="Selenium2Library">
<doc>Click the element identified by ``locator``.</doc>
<arguments>
<arg>//div[text()='S']</arg>
</arguments>
<msg timestamp="20201207 18:03:16.742" level="INFO">Clicking element '//div[text()='S']'.</msg>
<status status="PASS" starttime="20201207 18:03:16.742" endtime="20201207 18:03:17.040"></status>
</kw>
<kw name="Click Element" library="Selenium2Library">
<doc>Click the element identified by ``locator``.</doc>
<arguments>
<arg>//span[text()='Add to basket']</arg>
</arguments>
<msg timestamp="20201207 18:03:17.040" level="INFO">Clicking element '//span[text()='Add to basket']'.</msg>
<status status="PASS" starttime="20201207 18:03:17.040" endtime="20201207 18:03:17.294"></status>
</kw>
<status status="PASS" starttime="20201207 18:03:14.318" endtime="20201207 18:03:17.294"></status>
</kw>
<kw name="User Goes To The Basket And Starts The Checkout Process As A Guest" library="keywords">
<kw name="Wait Until Page Contains Element" library="Selenium2Library">
<doc>Waits until the element ``locator`` appears on the current page.</doc>
<arguments>
<arg>//span[text()='Go to my bag']</arg>
</arguments>
<status status="PASS" starttime="20201207 18:03:17.294" endtime="20201207 18:03:17.695"></status>
</kw>
<kw name="Click Element" library="Selenium2Library">
<doc>Click the element identified by ``locator``.</doc>
<arguments>
<arg>//span[text()='Go to my bag']</arg>
</arguments>
<msg timestamp="20201207 18:03:17.695" level="INFO">Clicking element '//span[text()='Go to my bag']'.</msg>
<status status="PASS" starttime="20201207 18:03:17.695" endtime="20201207 18:03:17.951"></status>
</kw>
<kw name="Wait Until Page Contains Element" library="Selenium2Library">
<doc>Waits until the element ``locator`` appears on the current page.</doc>
<arguments>
<arg>//span[text()='PROCEED TO CHECKOUT']</arg>
</arguments>
<status status="PASS" starttime="20201207 18:03:17.951" endtime="20201207 18:03:17.951"></status>
</kw>
<kw name="Click Element" library="Selenium2Library">
<doc>Click the element identified by ``locator``.</doc>
<arguments>
<arg>//span[text()='PROCEED TO CHECKOUT']</arg>
</arguments>
<msg timestamp="20201207 18:03:17.951" level="INFO">Clicking element '//span[text()='PROCEED TO CHECKOUT']'.</msg>
<status status="PASS" starttime="20201207 18:03:17.951" endtime="20201207 18:03:18.197"></status>
</kw>
<kw name="Wait Until Page Contains Element" library="Selenium2Library">
<doc>Waits until the element ``locator`` appears on the current page.</doc>
<arguments>
<arg>//a[@href='/checkout/']</arg>
</arguments>
<status status="PASS" starttime="20201207 18:03:18.197" endtime="20201207 18:03:18.197"></status>
</kw>
<kw name="Click Element" library="Selenium2Library">
<doc>Click the element identified by ``locator``.</doc>
<arguments>
<arg>//a[@href='/checkout/']</arg>
</arguments>
<msg timestamp="20201207 18:03:18.197" level="INFO">Clicking element '//a[@href='/checkout/']'.</msg>
<status status="PASS" starttime="20201207 18:03:18.197" endtime="20201207 18:03:18.560"></status>
</kw>
<status status="PASS" starttime="20201207 18:03:17.294" endtime="20201207 18:03:18.560"></status>
</kw>
<kw name="User Enters The Shipping Address And Chooses The Shipping Method" library="keywords">
<kw name="Input Text" library="Selenium2Library">
<doc>Types the given ``text`` into the text field identified by ``locator``.</doc>
<arguments>
<arg>firstName</arg>
<arg>Teemu</arg>
</arguments>
<msg timestamp="20201207 18:03:18.560" level="INFO">Typing text 'Teemu' into text field 'firstName'.</msg>
<status status="PASS" starttime="20201207 18:03:18.560" endtime="20201207 18:03:18.629"></status>
</kw>
<kw name="Input Text" library="Selenium2Library">
<doc>Types the given ``text`` into the text field identified by ``locator``.</doc>
<arguments>
<arg>lastName</arg>
<arg>Teekkari</arg>
</arguments>
<msg timestamp="20201207 18:03:18.629" level="INFO">Typing text 'Teekkari' into text field 'lastName'.</msg>
<status status="PASS" starttime="20201207 18:03:18.629" endtime="20201207 18:03:18.747"></status>
</kw>
<kw name="Input Text" library="Selenium2Library">
<doc>Types the given ``text`` into the text field identified by ``locator``.</doc>
<arguments>
<arg>phone</arg>
<arg>+358401234567</arg>
</arguments>
<msg timestamp="20201207 18:03:18.747" level="INFO">Typing text '+358401234567' into text field 'phone'.</msg>
<status status="PASS" starttime="20201207 18:03:18.747" endtime="20201207 18:03:18.882"></status>
</kw>
<kw name="Input Text" library="Selenium2Library">
<doc>Types the given ``text`` into the text field identified by ``locator``.</doc>
<arguments>
<arg>streetAddress1</arg>
<arg>Jämeräntaival 1A 111</arg>
</arguments>
<msg timestamp="20201207 18:03:18.882" level="INFO">Typing text 'Jämeräntaival 1A 111' into text field 'streetAddress1'.</msg>
<status status="PASS" starttime="20201207 18:03:18.882" endtime="20201207 18:03:19.098"></status>
</kw>
<kw name="Input Text" library="Selenium2Library">
<doc>Types the given ``text`` into the text field identified by ``locator``.</doc>
<arguments>
<arg>city</arg>
<arg>Espoo</arg>
</arguments>
<msg timestamp="20201207 18:03:19.098" level="INFO">Typing text 'Espoo' into text field 'city'.</msg>
<status status="PASS" starttime="20201207 18:03:19.098" endtime="20201207 18:03:19.214"></status>
</kw>
<kw name="Input Text" library="Selenium2Library">
<doc>Types the given ``text`` into the text field identified by ``locator``.</doc>
<arguments>
<arg>postalCode</arg>
<arg>02150</arg>
</arguments>
<msg timestamp="20201207 18:03:19.214" level="INFO">Typing text '02150' into text field 'postalCode'.</msg>
<status status="PASS" starttime="20201207 18:03:19.214" endtime="20201207 18:03:19.362"></status>
</kw>
<kw name="Click Element" library="Selenium2Library">
<doc>Click the element identified by ``locator``.</doc>
<arguments>
<arg>//div[@class='css-133ddnz-control select-country__control']</arg>
</arguments>
<msg timestamp="20201207 18:03:19.362" level="INFO">Clicking element '//div[@class='css-133ddnz-control select-country__control']'.</msg>
<status status="PASS" starttime="20201207 18:03:19.362" endtime="20201207 18:03:20.117"></status>
</kw>
<kw name="Click Element" library="Selenium2Library">
<doc>Click the element identified by ``locator``.</doc>
<arguments>
<arg>//div[text()='Finland']</arg>
</arguments>
<msg timestamp="20201207 18:03:20.117" level="INFO">Clicking element '//div[text()='Finland']'.</msg>
<status status="PASS" starttime="20201207 18:03:20.117" endtime="20201207 18:03:20.402"></status>
</kw>
<kw name="Input Text" library="Selenium2Library">
<doc>Types the given ``text`` into the text field identified by ``locator``.</doc>
<arguments>
<arg>countryArea</arg>
<arg>Uusimaa</arg>
</arguments>
<msg timestamp="20201207 18:03:20.402" level="INFO">Typing text 'Uusimaa' into text field 'countryArea'.</msg>
<status status="PASS" starttime="20201207 18:03:20.402" endtime="20201207 18:03:20.480"></status>
</kw>
<kw name="Input Text" library="Selenium2Library">
<doc>Types the given ``text`` into the text field identified by ``locator``.</doc>
<arguments>
<arg>email</arg>
<arg>teemu.teekkari@test.fi</arg>
</arguments>
<msg timestamp="20201207 18:03:20.480" level="INFO">Typing text 'teemu.teekkari@test.fi' into text field 'email'.</msg>
<status status="PASS" starttime="20201207 18:03:20.480" endtime="20201207 18:03:20.718"></status>
</kw>
<kw name="Click Element" library="Selenium2Library">
<doc>Click the element identified by ``locator``.</doc>
<arguments>
<arg>//div[text()='Same as shipping address']</arg>
</arguments>
<msg timestamp="20201207 18:03:20.718" level="INFO">Clicking element '//div[text()='Same as shipping address']'.</msg>
<status status="PASS" starttime="20201207 18:03:20.718" endtime="20201207 18:03:20.966"></status>
</kw>
<kw name="Click Element" library="Selenium2Library">
<doc>Click the element identified by ``locator``.</doc>
<arguments>
<arg>//span[text()='CONTINUE TO SHIPPING']</arg>
</arguments>
<msg timestamp="20201207 18:03:20.966" level="INFO">Clicking element '//span[text()='CONTINUE TO SHIPPING']'.</msg>
<status status="PASS" starttime="20201207 18:03:20.966" endtime="20201207 18:03:21.267"></status>
</kw>
<kw name="Scroll Page To Location" library="keywords">
<arguments>
<arg>0</arg>
<arg>2000</arg>
</arguments>
<kw name="Execute Javascript" library="Selenium2Library">
<doc>Executes the given JavaScript code with possible arguments.</doc>
<arguments>
<arg>window.scrollTo(${x_location},${y_location})</arg>
</arguments>
<msg timestamp="20201207 18:03:21.267" level="INFO">Executing JavaScript:
window.scrollTo(0,2000)
Without any arguments.</msg>
<status status="PASS" starttime="20201207 18:03:21.267" endtime="20201207 18:03:21.267"></status>
</kw>
<status status="PASS" starttime="20201207 18:03:21.267" endtime="20201207 18:03:21.267"></status>
</kw>
<kw name="Wait Until Page Contains Element" library="Selenium2Library">
<doc>Waits until the element ``locator`` appears on the current page.</doc>
<arguments>
<arg>//div[@class='sc-jbKcbu eHsgwN']//span[@class='sc-feryYK kSzumH']</arg>
</arguments>
<status status="PASS" starttime="20201207 18:03:21.267" endtime="20201207 18:03:22.238"></status>
</kw>
<kw name="Click Element" library="Selenium2Library">
<doc>Click the element identified by ``locator``.</doc>
<arguments>
<arg>//div[@class='sc-jbKcbu eHsgwN']//span[@class='sc-feryYK kSzumH']</arg>
</arguments>
<msg timestamp="20201207 18:03:22.238" level="INFO">Clicking element '//div[@class='sc-jbKcbu eHsgwN']//span[@class='sc-feryYK kSzumH']'.</msg>
<status status="PASS" starttime="20201207 18:03:22.238" endtime="20201207 18:03:22.485"></status>
</kw>
<kw name="Click Element" library="Selenium2Library">
<doc>Click the element identified by ``locator``.</doc>
<arguments>
<arg>//span[text()='CONTINUE TO PAYMENT']</arg>
</arguments>
<msg timestamp="20201207 18:03:22.485" level="INFO">Clicking element '//span[text()='CONTINUE TO PAYMENT']'.</msg>
<status status="PASS" starttime="20201207 18:03:22.485" endtime="20201207 18:03:22.724"></status>
</kw>
<status status="PASS" starttime="20201207 18:03:18.560" endtime="20201207 18:03:22.724"></status>
</kw>
<kw name="User Chooses The Payment Method And It Works Correctly" library="keywords">
<kw name="Wait Until Page Contains Element" library="Selenium2Library">
<doc>Waits until the element ``locator`` appears on the current page.</doc>
<arguments>
<arg>//h3[text()='PAYMENT METHOD']</arg>
</arguments>
<status status="PASS" starttime="20201207 18:03:22.724" endtime="20201207 18:03:22.993"></status>
</kw>
<kw name="Click Element" library="Selenium2Library">
<doc>Click the element identified by ``locator``.</doc>
<arguments>
<arg>//div[@class='sc-jbKcbu eHsgwN']</arg>
</arguments>
<msg timestamp="20201207 18:03:22.993" level="INFO">Clicking element '//div[@class='sc-jbKcbu eHsgwN']'.</msg>
<status status="PASS" starttime="20201207 18:03:22.993" endtime="20201207 18:03:23.240"></status>
</kw>
<kw name="Click Element" library="Selenium2Library">
<doc>Click the element identified by ``locator``.</doc>
<arguments>
<arg>//span[text()='CONTINUE TO REVIEW']</arg>
</arguments>
<msg timestamp="20201207 18:03:23.240" level="INFO">Clicking element '//span[text()='CONTINUE TO REVIEW']'.</msg>
<status status="PASS" starttime="20201207 18:03:23.240" endtime="20201207 18:03:23.465"></status>
</kw>
<status status="PASS" starttime="20201207 18:03:22.724" endtime="20201207 18:03:23.465"></status>
</kw>
<kw name="The User Is Able To Place The Order" library="keywords">
<kw name="Wait Until Page Contains Element" library="Selenium2Library">
<doc>Waits until the element ``locator`` appears on the current page.</doc>
<arguments>
<arg>//h3[text()='REVIEW ORDER']</arg>
</arguments>
<status status="PASS" starttime="20201207 18:03:23.465" endtime="20201207 18:03:24.011"></status>
</kw>
<kw name="Click Element" library="Selenium2Library">
<doc>Click the element identified by ``locator``.</doc>
<arguments>
<arg>//span[text()='PLACE ORDER']</arg>
</arguments>
<msg timestamp="20201207 18:03:24.011" level="INFO">Clicking element '//span[text()='PLACE ORDER']'.</msg>
<status status="PASS" starttime="20201207 18:03:24.011" endtime="20201207 18:03:24.267"></status>
</kw>
<status status="PASS" starttime="20201207 18:03:23.465" endtime="20201207 18:03:24.267"></status>
</kw>
<kw name="Close Browser" library="Selenium2Library" type="teardown">
<doc>Closes the current browser.</doc>
<status status="PASS" starttime="20201207 18:03:24.267" endtime="20201207 18:03:25.461"></status>
</kw>
<status status="PASS" starttime="20201207 18:03:08.049" endtime="20201207 18:03:25.461" critical="yes"></status>
</test>
<status status="PASS" starttime="20201207 18:02:52.252" endtime="20201207 18:03:25.477"></status>
</suite>
<statistics>
<total>
<stat pass="2" fail="0">Critical Tests</stat>
<stat pass="2" fail="0">All Tests</stat>
</total>
<tag>
</tag>
<suite>
<stat pass="2" fail="0" id="s1" name="Saleor">Saleor</stat>
</suite>
</statistics>
<errors>
</errors>
</robot>
